................................................
................................................
................................................
..............................X.................
............................X.X.................
..................XX......XX............XX......
.................X...X....XX............XX......
......XX........X.....X...XX....................
......XX........X...X.XX....X.X.................
................X.....X.......X.................
.................X...X..........................
..................XX............................
................................................
................................................
................................................
................................................
36
------------------0--------------------------
................................................
................................................
................................................
.............................X..................
...........................X.X..................
..................X.......X.X...........XX......
.................XX......X..X...........XX......
......XX........XX....XX..X.X...................
......XX.......XXX....XX...X.X..................
................XX....XX.....X..................
.................XX.............................
..................X.............................
................................................
................................................
................................................
................................................
39
----------------1-------------------
................................................
................................................
................................................
............................X...................
...........................X.X..................
.................XX.......X.XX..........XX......
................X.X......XX.XX..........XX......
......XX.......X......XXX.X.XX..................
......XX.......X..X..X..X..X.X..................
...............X......XX....X...................
................X.X.............................
.................XX.............................
................................................
................................................
................................................
................................................
43
----------------2-------------------
................................................
................................................
................................................
............................X...................
...........................X.X..................
.................XX......XX...X.........XX......
................X.X....XX.X...X.........XX......
......XX.......XXX....XXX.X...X.................
......XX......XXX....X..XX.X.X..................
...............XXX....XX....X...................
................X.X.............................
.................XX.............................
................................................
................................................
................................................
................................................
48
----------------3-------------------
................................................
................................................
................................................
............................X...................
..........................XXXX..................
.................XX.....XXXX.XX.........XX......
...............X..X...X...XX.XXX........XX......
......XX......X.......X...XX.XX.................
......XX......X......X...XXXXX..................
..............X.......XXX...X...................
...............X..X.............................
.................XX.............................
................................................
................................................
................................................
................................................
51
----------------4-------------------
................................................
................................................
................................................
............................XX..................
..............................X.................
.................XX............X........XX......
.................XX....X.......X........XX......
......XX......XX.....XX........X................
......XX.....XXX.....X..XX....X.................
..............XX......XXXXX.XX..................
.................XX....X........................
.................XX.............................
................................................
................................................
................................................
................................................
44
----------------5-------------------
................................................
................................................
................................................
.............................X..................
.............................XX.................
.................XX...........XX........XX......
................XXX...X.......XXX.......XX......
......XX.....X.XX....XXXX.....XX................
......XX.....X..X....X....X..XX.................
.............X.XX.....X...X..X..................
................XXX...XX.X......................
.................XX.............................
................................................
................................................
................................................
................................................
51
----------------6-------------------
................................................
................................................
................................................
.............................XX.................
.............................X.X................
................X.X.............X.......XX......
...............X..X..XX......X..X.......XX......
......XX......XX.....X.X........X...............
......XX....XX...X...X...X...X.X................
..............XX.....XXX.XX..XX.................
...............X..X...XX........................
................X.X.............................
................................................
................................................
................................................
................................................
48
----------------7-------------------
................................................
................................................
................................................
.............................XX.................
.............................X.X................
.................X............XXX.......XX......
..............XXXX...XX........XXX......XX......
......XX.....XXXX...XX........XXX...............
......XX.....X..X...XX.X.XX..X.X................
.............XXXX....X.X.XX..XX.................
..............XXXX...X.XX.......................
.................X..............................
................................................
................................................
................................................
................................................
61
----------------8-------------------
................................................
................................................
................................................
.............................XX.................
.............................X..X...............
...............X.X...............X......XX......
.............X...X..XXX..........X......XX......
......XX.....X...................X..............
......XX....X....X.......XX..X..X...............
.............X.......X.X..X..XX.................
.............X...X.....XXX......................
...............X.X..............................
................................................
................................................
................................................
................................................
42
----------------9-------------------
................................................
................................................
................................................
.............................XX.................
.............................XX.................
................X....X..........XX......XX......
..............X.X....X..........XXX.....XX......
......XX....XX.......X..........XX..............
......XX....XX...........XX..XX.................
............XX........XX..X..XX.................
..............X.X.....XXXX......................
................X.......X.......................
................................................
................................................
................................................
................................................
48
----------------10-------------------
................................................
................................................
................................................
.............................XX.................
.............................XXX................
...............X...............XX.X.....XX......
.............X.X....XXX........X..X.....XX......
......XX....X.X................XX.X.............
......XX...X..X.......X..XX..XXX................
............X.X.......X...X..XX.................
.............X.X......X..X......................
...............X........XX......................
................................................
................................................
................................................
................................................
50
----------------11-------------------
................................................
................................................
................................................
.............................X.X................
.............................X..X...............
..............X......X..........XX......XX......
.............X.X.....X........X...XX....XX......
......XX....X.XX......X.........XX..............
......XX...XX.XX.........XX..X..X...............
............X.XX.....XXX..X..X.X................
.............X.X.......XXXX.....................
..............X.........XX......................
................................................
................................................
................................................
................................................
54
----------------12-------------------
................................................
................................................
................................................
..............................X.................
..............................XXXX..............
..............X................XXXX.....XX......
.............X.X.....XX........X..X.....XX......
......XX...XX...X..............XXXX.............
......XX...XX...X....X.X.XX...XXXX..............
...........XX...X.....XX...X..X.................
.............X.X..........X.....................
..............X........X..X.....................
................................................
................................................
................................................
................................................
55
----------------13-------------------
................................................
................................................
................................................
..............................X.X...............
..............................X...X.............
..............X...................X.....XX......
............XXXX..............X....X....XX......
......XX...X.X.XX....X............X.............
......XX..X..X.XXX.....XX.X...X...X.............
...........X.X.XX.....XXXX.X..X.X...............
............XXXX......XX..XX....................
..............X.................................
................................................
................................................
................................................
................................................
56
----------------14-------------------
................................................
................................................
................................................
...............................X................
...............................X.X..............
..............XX..................XX....XX......
............X...X.................XX....XX......
......XX...X.....X................XX............
......XX..XX.X...X........X....X.X..............
...........X.....X.........X...X................
............X...X.....X..XXX....................
..............XX................................
................................................
................................................
................................................
................................................
42
----------------15-------------------
................................................
................................................
................................................
................................X...............
................................X.X.............
...............X.................X.X....XX......
...............XX................X..X...XX......
......XX..XX....XX...............X.X............
......XX..XX....XXX.............X.X.............
..........XX....XX.......X.X....X...............
...............XX.........XX....................
...............X..........X.....................
................................................
................................................
................................................
................................................
44
----------------16-------------------
................................................
................................................
................................................
.................................X..............
................................X.X.............
...............XX...............XX.X....XX......
...............X.X..............XX.XX...XX......
......XX..XX......X.............XX.X............
......XX.X..X..X..X.............X.X.............
..........XX......X........X.....X..............
...............X.X.......X.X....................
...............XX.........XX....................
................................................
................................................
................................................
................................................
47
----------------17-------------------
................................................
................................................
................................................
.................................X..............
................................X.X.............
...............XX..............X...XX...XX......
...............X.X.............X...XX...XX......
......XXX.XX....XXX............X...XX...........
......XXXX..X....XXX............X.X.............
..........XX....XXX.......X......X..............
...............X.X.........XX...................
...............XX.........XX....................
................................................
................................................
................................................
................................................
53
----------------18-------------------
................................................
................................................
................................................
.................................X..............
................................XXXX............
...............XX..............XX.X.X...XX......
.......X.......X..X...........XXX.X..X..XX......
......X...XX.......X...........XX.X.X...........
......X.....X......X............XXXX............
.......XXXXX.......X.......X.....X..............
...............X..X.........X...................
...............XX.........XXX...................
................................................
................................................
................................................
................................................
54
----------------19-------------------
................................................
................................................
................................................
................................XX..............
...............................X...X............
...............XX.............X.....X...XX......
...............XX.............X...X.XX..XX......
......XX...X......XX..........X.....X...........
......X.X...X.....XXX..........X...X............
.......XXXXX......XX............XX..............
........XXX....XX.........X.X...................
...............XX..........XX...................
...........................X....................
................................................
................................................
................................................
54
----------------20-------------------
................................................
................................................
................................................
................................X...............
...............................XX...............
...............XX.............XX....XX..XX......
...............XXX...........XXX....XX..XX......
......XX.........XX.X.........XX....XX..........
......X.....X....X..X..........XX...............
...........X.....XX.X...........X...............
.......X...X...XXX..........X...................
.........X.....XX.........X.X...................
...........................XX...................
................................................
................................................
................................................
54
----------------21-------------------
................................................
................................................
................................................
...............................XX...............
..............................X.X...............
...............X.X...........X......XX..XX......
...............X..X..........X..X..X..X.XX......
......XX..........XX.........X......XX..........
......XX........X...XX........X.X...............
...........XX.....XX...........XX...............
..........X....X..X........X....................
...............X.X..........XX..................
...........................XX...................
................................................
................................................
................................................
49
----------------22-------------------
................................................
................................................
................................................
...............................XX...............
..............................X.X...............
................X............XXX....XX.XXX......
................XXXX........XXX....X..XXXX......
......XX.........XXXX........XXX....XX..........
......XX.........X..X.........X.X...............
...........X.....XXXX..........XX...............
...........X....XXXX........X...................
................X............X..................
...........................XXX..................
................................................
................................................
................................................
60
----------------23-------------------
................................................
................................................
................................................
...............................XX...............
.............................X..X.......X.......
................X.X.........X.......XX...X......
................X...X.......X......X.....X......
......XX............X.......X.......XXXXX.......
......XX........X....X.......X..X...............
....................X..........XX...............
................X...X...........................
................X.X........X.X..................
............................XX..................
............................X...................
................................................
................................................
43
----------------24-------------------
................................................
................................................
................................................
...............................XX...............
...............................XX...............
.................X..........XX......X...XX......
.................X.X.......XXX.....X...X.X......
......XX............XX......XX......XXXXX.......
......XX............XX.........XX....XXX........
....................XX.........XX...............
.................X.X............................
.................X...........X..................
...........................X.X..................
............................XX..................
................................................
................................................
50
----------------25-------------------
................................................
................................................
................................................
...............................XX...............
..............................XXX...............
..................X........X.XX.........XX......
..................X.X......X..X....X.....X......
......XX...........X.X.....X.XX.....X...........
......XX...........X..X.......XXX...X...X.......
...................X.X.........XX.....X.........
..................X.X...........................
..................X.........X...................
.............................XX.................
............................XX..................
................................................
................................................
47
----------------26-------------------
................................................
................................................
................................................
..............................X.X...............
.............................X..X...............
...................X........XX..........XX......
..................X.X.....XX...X........XX......
......XX..........XX.X......XX.....XX...........
......XX..........XX.XX......X..X....X..........
..................XX.X........X.X...............
..................X.X...........................
...................X.........X..................
..............................X.................
............................XXX.................
................................................
................................................
47
----------------27-------------------
................................................
................................................
................................................
...............................X................
............................XXXX................
...................X.......XXXX.........XX......
..................X.X......X..X.........XX......
......XX.........X...XX....XXXX.....X...........
......XX.........X...XX.....XXXX....X...........
.................X...XX........X................
..................X.X...........................
...................X............................
............................X.X.................
.............................XX.................
.............................X..................
................................................
50
----------------28-------------------
................................................
................................................
................................................
.............................X.X................
...........................X...X................
...................X.......X............XX......
..................XXXX....X....X........XX......
......XX.........XX.X.X....X....................
......XX........XXX.X..X...X...X................
.................XX.X.X......X.X................
..................XXXX..........................
...................X............................
..............................X.................
............................X.X.................
.............................XX.................
................................................
48
----------------29-------------------
................................................
................................................
................................................
..............................X.................
............................X.X.................
..................XX......XX............XX......
.................X...X....XX............XX......
......XX........X.....X...XX....................
......XX........X...X.XX....X.X.................
................X.....X.......X.................
.................X...X..........................
..................XX............................
.............................X..................
..............................XX................
.............................XX.................
................................................
41
----------------30-------------------
................................................
................................................
................................................
.............................X..................
...........................X.X..................
..................X.......X.X...........XX......
.................XX......X..X...........XX......
......XX........XX....XX..X.X...................
......XX.......XXX....XX...X.X..................
................XX....XX.....X..................
.................XX.............................
..................X.............................
..............................X.................
...............................X................
.............................XXX................
................................................
44
----------------31-------------------
................................................
................................................
................................................
............................X...................
...........................X.X..................
.................XX.......X.XX..........XX......
................X.X......XX.XX..........XX......
......XX.......X......XXX.X.XX..................
......XX.......X..X..X..X..X.X..................
...............X......XX....X...................
................X.X.............................
.................XX.............................
................................................
.............................X.X................
..............................XX................
..............................X.................
48
----------------32-------------------
................................................
................................................
................................................
............................X...................
...........................X.X..................
.................XX......XX...X.........XX......
................X.X....XX.X...X.........XX......
......XX.......XXX....XXX.X...X.................
......XX......XXX....X..XX.X.X..................
...............XXX....XX....X...................
................X.X.............................
.................XX.............................
................................................
...............................X................
.............................X.X................
..............................XX................
53
----------------33-------------------
................................................
................................................
................................................
............................X...................
..........................XXXX..................
.................XX.....XXXX.XX.........XX......
...............X..X...X...XX.XXX........XX......
......XX......X.......X...XX.XX.................
......XX......X......X...XXXXX..................
..............X.......XXX...X...................
...............X..X.............................
.................XX.............................
................................................
..............................X.................
...............................XX...............
..............................XX................
56
----------------34-------------------
................................................
................................................
................................................
............................XX..................
..............................X.................
.................XX............X........XX......
.................XX....X.......X........XX......
......XX......XX.....XX........X................
......XX.....XXX.....X..XX....X.................
..............XX......XXXXX.XX..................
.................XX....X........................
.................XX.............................
................................................
...............................X................
................................X...............
..............................XXX...............
49
----------------35-------------------
................................................
................................................
................................................
.............................X..................
.............................XX.................
.................XX...........XX........XX......
................XXX...X.......XXX.......XX......
......XX.....X.XX....XXXX.....XX................
......XX.....X..X....X....X..XX.................
.............X.XX.....X...X..X..................
................XXX...XX.X......................
.................XX.............................
................................................
................................................
..............................X.X...............
...............................XX...............
55
----------------36-------------------
................................................
................................................
................................................
.............................XX.................
.............................X.X................
................X.X.............X.......XX......
...............X..X..XX......X..X.......XX......
......XX......XX.....X.X........X...............
......XX....XX...X...X...X...X.X................
..............XX.....XXX.XX..XX.................
...............X..X...XX........................
................X.X.............................
................................................
................................................
................................X...............
...............................XX...............
51
----------------37-------------------
................................................
................................................
................................................
.............................XX.................
.............................X.X................
.................X............XXX.......XX......
..............XXXX...XX........XXX......XX......
......XX.....XXXX...XX........XXX...............
......XX.....X..X...XX.X.XX..X.X................
.............XXXX....X.X.XX..XX.................
..............XXXX...X.XX.......................
.................X..............................
................................................
................................................
...............................XX...............
...............................XX...............
65
----------------38-------------------
................................................
................................................
................................................
.............................XX.................
.............................X..X...............
...............X.X...............X......XX......
.............X...X..XXX..........X......XX......
......XX.....X...................X..............
......XX....X....X.......XX..X..X...............
.............X.......X.X..X..XX.................
.............X...X.....XXX......................
...............X.X..............................
................................................
................................................
...............................XX...............
...............................XX...............
46
----------------39-------------------
................................................
................................................
................................................
.............................XX.................
.............................XX.................
................X....X..........XX......XX......
..............X.X....X..........XXX.....XX......
......XX....XX.......X..........XX..............
......XX....XX...........XX..XX.................
............XX........XX..X..XX.................
..............X.X.....XXXX......................
................X.......X.......................
................................................
................................................
...............................XX...............
...............................XX...............
52
----------------40-------------------
................................................
................................................
................................................
.............................XX.................
.............................XXX................
...............X...............XX.X.....XX......
.............X.X....XXX........X..X.....XX......
......XX....X.X................XX.X.............
......XX...X..X.......X..XX..XXX................
............X.X.......X...X..XX.................
.............X.X......X..X......................
...............X........XX......................
................................................
................................................
...............................XX...............
...............................XX...............
54
----------------41-------------------
................................................
................................................
................................................
.............................X.X................
.............................X..X...............
..............X......X..........XX......XX......
.............X.X.....X........X...XX....XX......
......XX....X.XX......X.........XX..............
......XX...XX.XX.........XX..X..X...............
............X.XX.....XXX..X..X.X................
.............X.X.......XXXX.....................
..............X.........XX......................
................................................
................................................
...............................XX...............
...............................XX...............
58
----------------42-------------------
................................................
................................................
................................................
..............................X.................
..............................XXXX..............
..............X................XXXX.....XX......
.............X.X.....XX........X..X.....XX......
......XX...XX...X..............XXXX.............
......XX...XX...X....X.X.XX...XXXX..............
...........XX...X.....XX...X..X.................
.............X.X..........X.....................
..............X........X..X.....................
................................................
................................................
...............................XX...............
...............................XX...............
59
----------------43-------------------
................................................
................................................
................................................
..............................X.X...............
..............................X...X.............
..............X...................X.....XX......
............XXXX..............X....X....XX......
......XX...X.X.XX....X............X.............
......XX..X..X.XXX.....XX.X...X...X.............
...........X.X.XX.....XXXX.X..X.X...............
............XXXX......XX..XX....................
..............X.................................
................................................
................................................
...............................XX...............
...............................XX...............
60
----------------44-------------------
................................................
................................................
................................................
...............................X................
...............................X.X..............
..............XX..................XX....XX......
............X...X.................XX....XX......
......XX...X.....X................XX............
......XX..XX.X...X........X....X.X..............
...........X.....X.........X...X................
............X...X.....X..XXX....................
..............XX................................
................................................
................................................
...............................XX...............
...............................XX...............
46
----------------45-------------------
................................................
................................................
................................................
................................X...............
................................X.X.............
...............X.................X.X....XX......
...............XX................X..X...XX......
......XX..XX....XX...............X.X............
......XX..XX....XXX.............X.X.............
..........XX....XX.......X.X....X...............
...............XX.........XX....................
...............X..........X.....................
................................................
................................................
...............................XX...............
...............................XX...............
48
----------------46-------------------
................................................
................................................
................................................
.................................X..............
................................X.X.............
...............XX...............XX.X....XX......
...............X.X..............XX.XX...XX......
......XX..XX......X.............XX.X............
......XX.X..X..X..X.............X.X.............
..........XX......X........X.....X..............
...............X.X.......X.X....................
...............XX.........XX....................
................................................
................................................
...............................XX...............
...............................XX...............
51
----------------47-------------------
................................................
................................................
................................................
.................................X..............
................................X.X.............
...............XX..............X...XX...XX......
...............X.X.............X...XX...XX......
......XXX.XX....XXX............X...XX...........
......XXXX..X....XXX............X.X.............
..........XX....XXX.......X......X..............
...............X.X.........XX...................
...............XX.........XX....................
................................................
................................................
...............................XX...............
...............................XX...............
57
----------------48-------------------
................................................
................................................
................................................
.................................X..............
................................XXXX............
...............XX..............XX.X.X...XX......
.......X.......X..X...........XXX.X..X..XX......
......X...XX.......X...........XX.X.X...........
......X.....X......X............XXXX............
.......XXXXX.......X.......X.....X..............
...............X..X.........X...................
...............XX.........XXX...................
................................................
................................................
...............................XX...............
...............................XX...............
58
----------------49-------------------
................................................
................................................
................................................
................................XX..............
...............................X...X............
...............XX.............X.....X...XX......
...............XX.............X...X.XX..XX......
......XX...X......XX..........X.....X...........
......X.X...X.....XXX..........X...X............
.......XXXXX......XX............XX..............
........XXX....XX.........X.X...................
...............XX..........XX...................
...........................X....................
................................................
...............................XX...............
...............................XX...............
58
----------------50-------------------
................................................
................................................
................................................
................................X...............
...............................XX...............
...............XX.............XX....XX..XX......
...............XXX...........XXX....XX..XX......
......XX.........XX.X.........XX....XX..........
......X.....X....X..X..........XX...............
...........X.....XX.X...........X...............
.......X...X...XXX..........X...................
.........X.....XX.........X.X...................
...........................XX...................
................................................
...............................XX...............
...............................XX...............
58
----------------51-------------------
................................................
................................................
................................................
...............................XX...............
..............................X.X...............
...............X.X...........X......XX..XX......
...............X..X..........X..X..X..X.XX......
......XX..........XX.........X......XX..........
......XX........X...XX........X.X...............
...........XX.....XX...........XX...............
..........X....X..X........X....................
...............X.X..........XX..................
...........................XX...................
................................................
...............................XX...............
...............................XX...............
53
----------------52-------------------
................................................
................................................
................................................
...............................XX...............
..............................X.X...............
................X............XXX....XX.XXX......
................XXXX........XXX....X..XXXX......
......XX.........XXXX........XXX....XX..........
......XX.........X..X.........X.X...............
...........X.....XXXX..........XX...............
...........X....XXXX........X...................
................X............X..................
...........................XXX..................
................................................
...............................XX...............
...............................XX...............
64
----------------53-------------------
................................................
................................................
................................................
...............................XX...............
.............................X..X.......X.......
................X.X.........X.......XX...X......
................X...X.......X......X.....X......
......XX............X.......X.......XXXXX.......
......XX........X....X.......X..X...............
....................X..........XX...............
................X...X...........................
................X.X........X.X..................
............................XX..................
............................X...................
...............................XX...............
...............................XX...............
47
----------------54-------------------
................................................
................................................
................................................
...............................XX...............
...............................XX...............
.................X..........XX......X...XX......
.................X.X.......XXX.....X...X.X......
......XX............XX......XX......XXXXX.......
......XX............XX.........XX....XXX........
....................XX.........XX...............
.................X.X............................
.................X...........X..................
...........................X.X..................
............................XX..................
...............................XX...............
...............................XX...............
54
----------------55-------------------
................................................
................................................
................................................
...............................XX...............
..............................XXX...............
..................X........X.XX.........XX......
..................X.X......X..X....X.....X......
......XX...........X.X.....X.XX.....X...........
......XX...........X..X.......XXX...X...X.......
...................X.X.........XX.....X.........
..................X.X...........................
..................X.........X...................
.............................XX.................
............................XXX.................
..............................XXX...............
...............................XX...............
53
----------------56-------------------
................................................
................................................
................................................
..............................X.X...............
.............................X..X...............
...................X........XX..........XX......
..................X.X.....XX...X........XX......
......XX..........XX.X......XX.....XX...........
......XX..........XX.XX......X..X....X..........
..................XX.X........X.X...............
..................X.X...........................
...................X.........X..................
..............................X.................
............................X...................
................................X...............
..............................X.X...............
48
----------------57-------------------
................................................
................................................
................................................
...............................X................
............................XXXX................
...................X.......XXXX.........XX......
..................X.X......X..X.........XX......
......XX.........X...XX....XXXX.....X...........
......XX.........X...XX.....XXXX....X...........
.................X...XX........X................
..................X.X...........................
...................X............................
.............................X..................
................................................
...............................X................
...............................X................
48
----------------58-------------------
................................................
................................................
................................................
.............................X.X................
...........................X...X................
...................X.......X............XX......
..................XXXX....X....X........XX......
......XX.........XX.X.X....X....................
......XX........XXX.X..X...X...X................
.................XX.X.X......X.X................
..................XXXX..........................
...................X............................
................................................
................................................
................................................
................................................
43
----------------59-------------------
................................................
................................................
................................................
..............................X.................
............................X.X.................
..................XX......XX............XX......
.................X...X....XX............XX......
......XX........X.....X...XX....................
......XX........X...X.XX....X.X.................
................X.....X.......X.................
.................X...X..........................
..................XX............................
................................................
................................................
................................................
................................................
36
----------------60-------------------
................................................
................................................
................................................
.............................X..................
...........................X.X..................
..................X.......X.X...........XX......
.................XX......X..X...........XX......
......XX........XX....XX..X.X...................
......XX.......XXX....XX...X.X..................
................XX....XX.....X..................
.................XX.............................
..................X.............................
................................................
................................................
................................................
................................................
39
----------------61-------------------
................................................
................................................
................................................
............................X...................
...........................X.X..................
.................XX.......X.XX..........XX......
................X.X......XX.XX..........XX......
......XX.......X......XXX.X.XX..................
......XX.......X..X..X..X..X.X..................
...............X......XX....X...................
................X.X.............................
.................XX.............................
................................................
................................................
................................................
................................................
43
----------------62-------------------
................................................
................................................
................................................
............................X...................
...........................X.X..................
.................XX......XX...X.........XX......
................X.X....XX.X...X.........XX......
......XX.......XXX....XXX.X...X.................
......XX......XXX....X..XX.X.X..................
...............XXX....XX....X...................
................X.X.............................
.................XX.............................
................................................
................................................
................................................
................................................
48
----------------63-------------------
................................................
................................................
................................................
............................X...................
..........................XXXX..................
.................XX.....XXXX.XX.........XX......
...............X..X...X...XX.XXX........XX......
......XX......X.......X...XX.XX.................
......XX......X......X...XXXXX..................
..............X.......XXX...X...................
...............X..X.............................
.................XX.............................
................................................
................................................
................................................
................................................
51
----------------64-------------------
................................................
................................................
................................................
............................XX..................
..............................X.................
.................XX............X........XX......
.................XX....X.......X........XX......
......XX......XX.....XX........X................
......XX.....XXX.....X..XX....X.................
..............XX......XXXXX.XX..................
.................XX....X........................
.................XX.............................
................................................
................................................
................................................
................................................
44
----------------65-------------------
................................................
................................................
................................................
.............................X..................
.............................XX.................
.................XX...........XX........XX......
................XXX...X.......XXX.......XX......
......XX.....X.XX....XXXX.....XX................
......XX.....X..X....X....X..XX.................
.............X.XX.....X...X..X..................
................XXX...XX.X......................
.................XX.............................
................................................
................................................
................................................
................................................
51
----------------66-------------------
................................................
................................................
................................................
.............................XX.................
.............................X.X................
................X.X.............X.......XX......
...............X..X..XX......X..X.......XX......
......XX......XX.....X.X........X...............
......XX....XX...X...X...X...X.X................
..............XX.....XXX.XX..XX.................
...............X..X...XX........................
................X.X.............................
................................................
................................................
................................................
................................................
48
----------------67-------------------
................................................
................................................
................................................
.............................XX.................
.............................X.X................
.................X............XXX.......XX......
..............XXXX...XX........XXX......XX......
......XX.....XXXX...XX........XXX...............
......XX.....X..X...XX.X.XX..X.X................
.............XXXX....X.X.XX..XX.................
..............XXXX...X.XX.......................
.................X..............................
................................................
................................................
................................................
................................................
61
----------------68-------------------
................................................
................................................
................................................
.............................XX.................
.............................X..X...............
...............X.X...............X......XX......
.............X...X..XXX..........X......XX......
......XX.....X...................X..............
......XX....X....X.......XX..X..X...............
.............X.......X.X..X..XX.................
.............X...X.....XXX......................
...............X.X..............................
................................................
................................................
................................................
................................................
42
----------------69-------------------
................................................
................................................
................................................
.............................XX.................
.............................XX.................
................X....X..........XX......XX......
..............X.X....X..........XXX.....XX......
......XX....XX.......X..........XX..............
......XX....XX...........XX..XX.................
............XX........XX..X..XX.................
..............X.X.....XXXX......................
................X.......X.......................
................................................
................................................
................................................
................................................
48
----------------70-------------------
................................................
................................................
................................................
.............................XX.................
.............................XXX................
...............X...............XX.X.....XX......
.............X.X....XXX........X..X.....XX......
......XX....X.X................XX.X.............
......XX...X..X.......X..XX..XXX................
............X.X.......X...X..XX.................
.............X.X......X..X......................
...............X........XX......................
................................................
................................................
................................................
................................................
50
----------------71-------------------
................................................
................................................
................................................
.............................X.X................
.............................X..X...............
..............X......X..........XX......XX......
.............X.X.....X........X...XX....XX......
......XX....X.XX......X.........XX..............
......XX...XX.XX.........XX..X..X...............
............X.XX.....XXX..X..X.X................
.............X.X.......XXXX.....................
..............X.........XX......................
................................................
................................................
................................................
................................................
54
----------------72-------------------
................................................
................................................
................................................
..............................X.................
..............................XXXX..............
..............X................XXXX.....XX......
.............X.X.....XX........X..X.....XX......
......XX...XX...X..............XXXX.............
......XX...XX...X....X.X.XX...XXXX..............
...........XX...X.....XX...X..X.................
.............X.X..........X.....................
..............X........X..X.....................
................................................
................................................
................................................
................................................
55
----------------73-------------------
................................................
................................................
................................................
..............................X.X...............
..............................X...X.............
..............X...................X.....XX......
............XXXX..............X....X....XX......
......XX...X.X.XX....X............X.............
......XX..X..X.XXX.....XX.X...X...X.............
...........X.X.XX.....XXXX.X..X.X...............
............XXXX......XX..XX....................
..............X.................................
................................................
................................................
................................................
................................................
56
----------------74-------------------
................................................
................................................
................................................
...............................X................
...............................X.X..............
..............XX..................XX....XX......
............X...X.................XX....XX......
......XX...X.....X................XX............
......XX..XX.X...X........X....X.X..............
...........X.....X.........X...X................
............X...X.....X..XXX....................
..............XX................................
................................................
................................................
................................................
................................................
42
----------------75-------------------
................................................
................................................
................................................
................................X...............
................................X.X.............
...............X.................X.X....XX......
...............XX................X..X...XX......
......XX..XX....XX...............X.X............
......XX..XX....XXX.............X.X.............
..........XX....XX.......X.X....X...............
...............XX.........XX....................
...............X..........X.....................
................................................
................................................
................................................
................................................
44
----------------76-------------------
................................................
................................................
................................................
.................................X..............
................................X.X.............
...............XX...............XX.X....XX......
...............X.X..............XX.XX...XX......
......XX..XX......X.............XX.X............
......XX.X..X..X..X.............X.X.............
..........XX......X........X.....X..............
...............X.X.......X.X....................
...............XX.........XX....................
................................................
................................................
................................................
................................................
47
----------------77-------------------
................................................
................................................
................................................
.................................X..............
................................X.X.............
...............XX..............X...XX...XX......
...............X.X.............X...XX...XX......
......XXX.XX....XXX............X...XX...........
......XXXX..X....XXX............X.X.............
..........XX....XXX.......X......X..............
...............X.X.........XX...................
...............XX.........XX....................
................................................
................................................
................................................
................................................
53
----------------78-------------------
................................................
................................................
................................................
.................................X..............
................................XXXX............
...............XX..............XX.X.X...XX......
.......X.......X..X...........XXX.X..X..XX......
......X...XX.......X...........XX.X.X...........
......X.....X......X............XXXX............
.......XXXXX.......X.......X.....X..............
...............X..X.........X...................
...............XX.........XXX...................
................................................
................................................
................................................
................................................
54
----------------79-------------------
................................................
................................................
................................................
................................XX..............
...............................X...X............
...............XX.............X.....X...XX......
...............XX.............X...X.XX..XX......
......XX...X......XX..........X.....X...........
......X.X...X.....XXX..........X...X............
.......XXXXX......XX............XX..............
........XXX....XX.........X.X...................
...............XX..........XX...................
...........................X....................
................................................
................................................
................................................
54
----------------80-------------------
................................................
................................................
................................................
................................X...............
...............................XX...............
...............XX.............XX....XX..XX......
...............XXX...........XXX....XX..XX......
......XX.........XX.X.........XX....XX..........
......X.....X....X..X..........XX...............
...........X.....XX.X...........X...............
.......X...X...XXX..........X...................
.........X.....XX.........X.X...................
...........................XX...................
................................................
................................................
................................................
54
----------------81-------------------
................................................
................................................
................................................
...............................XX...............
..............................X.X...............
...............X.X...........X......XX..XX......
...............X..X..........X..X..X..X.XX......
......XX..........XX.........X......XX..........
......XX........X...XX........X.X...............
...........XX.....XX...........XX...............
..........X....X..X........X....................
...............X.X..........XX..................
...........................XX...................
................................................
................................................
................................................
49
----------------82-------------------
................................................
................................................
................................................
...............................XX...............
..............................X.X...............
................X............XXX....XX.XXX......
................XXXX........XXX....X..XXXX......
......XX.........XXXX........XXX....XX..........
......XX.........X..X.........X.X...............
...........X.....XXXX..........XX...............
...........X....XXXX........X...................
................X............X..................
...........................XXX..................
................................................
................................................
................................................
60
----------------83-------------------
................................................
................................................
................................................
...............................XX...............
.............................X..X.......X.......
................X.X.........X.......XX...X......
................X...X.......X......X.....X......
......XX............X.......X.......XXXXX.......
......XX........X....X.......X..X...............
....................X..........XX...............
................X...X...........................
................X.X........X.X..................
............................XX..................
............................X...................
................................................
................................................
43
----------------84-------------------
................................................
................................................
................................................
...............................XX...............
...............................XX...............
.................X..........XX......X...XX......
.................X.X.......XXX.....X...X.X......
......XX............XX......XX......XXXXX.......
......XX............XX.........XX....XXX........
....................XX.........XX...............
.................X.X............................
.................X...........X..................
...........................X.X..................
............................XX..................
................................................
................................................
50
----------------85-------------------
................................................
................................................
................................................
...............................XX...............
..............................XXX...............
..................X........X.XX.........XX......
..................X.X......X..X....X.....X......
......XX...........X.X.....X.XX.....X...........
......XX...........X..X.......XXX...X...X.......
...................X.X.........XX.....X.........
..................X.X...........................
..................X.........X...................
.............................XX.................
............................XX..................
................................................
................................................
47
----------------86-------------------
................................................
................................................
................................................
..............................X.X...............
.............................X..X...............
...................X........XX..........XX......
..................X.X.....XX...X........XX......
......XX..........XX.X......XX.....XX...........
......XX..........XX.XX......X..X....X..........
..................XX.X........X.X...............
..................X.X...........................
...................X.........X..................
..............................X.................
............................XXX.................
................................................
................................................
47
----------------87-------------------
................................................
................................................
................................................
...............................X................
............................XXXX................
...................X.......XXXX.........XX......
..................X.X......X..X.........XX......
......XX.........X...XX....XXXX.....X...........
......XX.........X...XX.....XXXX....X...........
.................X...XX........X................
..................X.X...........................
...................X............................
............................X.X.................
.............................XX.................
.............................X..................
................................................
50
----------------88-------------------
................................................
................................................
................................................
.............................X.X................
...........................X...X................
...................X.......X............XX......
..................XXXX....X....X........XX......
......XX.........XX.X.X....X....................
......XX........XXX.X..X...X...X................
.................XX.X.X......X.X................
..................XXXX..........................
...................X............................
..............................X.................
............................X.X.................
.............................XX.................
................................................
48
----------------89-------------------
................................................
................................................
................................................
..............................X.................
............................X.X.................
..................XX......XX............XX......
.................X...X....XX............XX......
......XX........X.....X...XX....................
......XX........X...X.XX....X.X.................
................X.....X.......X.................
.................X...X..........................
..................XX............................
.............................X..................
..............................XX................
.............................XX.................
................................................
41
----------------90-------------------
................................................
................................................
................................................
.............................X..................
...........................X.X..................
..................X.......X.X...........XX......
.................XX......X..X...........XX......
......XX........XX....XX..X.X...................
......XX.......XXX....XX...X.X..................
................XX....XX.....X..................
.................XX.............................
..................X.............................
..............................X.................
...............................X................
.............................XXX................
................................................
44
----------------91-------------------
................................................
................................................
................................................
............................X...................
...........................X.X..................
.................XX.......X.XX..........XX......
................X.X......XX.XX..........XX......
......XX.......X......XXX.X.XX..................
......XX.......X..X..X..X..X.X..................
...............X......XX....X...................
................X.X.............................
.................XX.............................
................................................
.............................X.X................
..............................XX................
..............................X.................
48
----------------92-------------------
................................................
................................................
................................................
............................X...................
...........................X.X..................
.................XX......XX...X.........XX......
................X.X....XX.X...X.........XX......
......XX.......XXX....XXX.X...X.................
......XX......XXX....X..XX.X.X..................
...............XXX....XX....X...................
................X.X.............................
.................XX.............................
................................................
...............................X................
.............................X.X................
..............................XX................
53
----------------93-------------------
................................................
................................................
................................................
............................X...................
..........................XXXX..................
.................XX.....XXXX.XX.........XX......
...............X..X...X...XX.XXX........XX......
......XX......X.......X...XX.XX.................
......XX......X......X...XXXXX..................
..............X.......XXX...X...................
...............X..X.............................
.................XX.............................
................................................
..............................X.................
...............................XX...............
..............................XX................
56
----------------94-------------------
................................................
................................................
................................................
............................XX..................
..............................X.................
.................XX............X........XX......
.................XX....X.......X........XX......
......XX......XX.....XX........X................
......XX.....XXX.....X..XX....X.................
..............XX......XXXXX.XX..................
.................XX....X........................
.................XX.............................
................................................
...............................X................
................................X...............
..............................XXX...............
49
----------------95-------------------
................................................
................................................
................................................
.............................X..................
.............................XX.................
.................XX...........XX........XX......
................XXX...X.......XXX.......XX......
......XX.....X.XX....XXXX.....XX................
......XX.....X..X....X....X..XX.................
.............X.XX.....X...X..X..................
................XXX...XX.X......................
.................XX.............................
................................................
................................................
..............................X.X...............
...............................XX...............
55
----------------96-------------------
................................................
................................................
................................................
.............................XX.................
.............................X.X................
................X.X.............X.......XX......
...............X..X..XX......X..X.......XX......
......XX......XX.....X.X........X...............
......XX....XX...X...X...X...X.X................
..............XX.....XXX.XX..XX.................
...............X..X...XX........................
................X.X.............................
................................................
................................................
................................X...............
...............................XX...............
51
----------------97-------------------
................................................
................................................
................................................
.............................XX.................
.............................X.X................
.................X............XXX.......XX......
..............XXXX...XX........XXX......XX......
......XX.....XXXX...XX........XXX...............
......XX.....X..X...XX.X.XX..X.X................
.............XXXX....X.X.XX..XX.................
..............XXXX...X.XX.......................
.................X..............................
................................................
................................................
...............................XX...............
...............................XX...............
65
----------------98-------------------
................................................
................................................
................................................
.............................XX.................
.............................X..X...............
...............X.X...............X......XX......
.............X...X..XXX..........X......XX......
......XX.....X...................X..............
......XX....X....X.......XX..X..X...............
.............X.......X.X..X..XX.................
.............X...X.....XXX......................
...............X.X..............................
................................................
................................................
...............................XX...............
...............................XX...............
46
----------------99-------------------
................................................
................................................
................................................
.............................XX.................
.............................XX.................
................X....X..........XX......XX......
..............X.X....X..........XXX.....XX......
......XX....XX.......X..........XX..............
......XX....XX...........XX..XX.................
............XX........XX..X..XX.................
..............X.X.....XXXX......................
................X.......X.......................
................................................
................................................
...............................XX...............
...............................XX...............
52
----------------100-------------------
